[INFO ] 2024-11-20 11:28:20.325 [main] MyStoreV1 - url opened
[INFO ] 2024-11-20 11:28:20.646 [main] MyStoreV1 - 
******************TestCase Search Buy Product Started*****************
[INFO ] 2024-11-20 11:28:23.369 [main] MyStoreV1 - Clicked on singin account link.
[INFO ] 2024-11-20 11:28:23.532 [main] MyStoreV1 - Entered email address
[INFO ] 2024-11-20 11:28:23.942 [main] MyStoreV1 - Entered password
[INFO ] 2024-11-20 11:28:27.137 [main] MyStoreV1 - Clicked on singIn button.
[INFO ] 2024-11-20 11:28:27.210 [main] MyStoreV1 - Hoodie entered in search box
[INFO ] 2024-11-20 11:28:32.930 [main] MyStoreV1 - Clicked on searched button
[INFO ] 2024-11-20 11:28:38.292 [main] MyStoreV1 - Clicked on searched product - Selene Yoga Hoodie
[INFO ] 2024-11-20 11:28:38.378 [main] MyStoreV1 - Size M entered
[INFO ] 2024-11-20 11:28:39.063 [main] MyStoreV1 - Orange color selected
[INFO ] 2024-11-20 11:28:39.254 [main] MyStoreV1 - Quantity 2 entered
[INFO ] 2024-11-20 11:28:39.330 [main] MyStoreV1 - Clicked on add to cart button
[INFO ] 2024-11-20 11:28:41.415 [main] MyStoreV1 - Clicked on add to cart icon
[INFO ] 2024-11-20 11:28:48.830 [main] MyStoreV1 - Clicked on proceed to checkout on product page
[INFO ] 2024-11-20 11:28:53.982 [main] MyStoreV1 - Clicked on New Address button on shipping address page
[INFO ] 2024-11-20 11:28:54.797 [main] MyStoreV1 - Country selected from dropdown - India
[INFO ] 2024-11-20 11:28:54.926 [main] MyStoreV1 - City selected from dropdown - Delhi
[INFO ] 2024-11-20 11:28:55.013 [main] MyStoreV1 - All the details entered in shipping address page for order processing....!!!
[INFO ] 2024-11-20 11:29:05.161 [main] MyStoreV1 - Clicked on next button on shipping address page
[INFO ] 2024-11-20 11:29:15.266 [main] MyStoreV1 - Clicked on place order on payment method page
[INFO ] 2024-11-20 11:29:23.875 [main] MyStoreV1 - Verify buy product success payment message - Passed
[INFO ] 2024-11-20 11:29:25.673 [main] MyStoreV1 - ***************TestCase BuyProduct ends*****************
[INFO ] 2024-11-20 11:29:25.680 [main] MyStoreV1 - 
******************TestCase Search Product Started*****************
[INFO ] 2024-11-20 11:29:27.474 [main] MyStoreV1 - Clicked on singin account link.
[INFO ] 2024-11-20 11:29:27.611 [main] MyStoreV1 - Entered email address
[INFO ] 2024-11-20 11:29:27.719 [main] MyStoreV1 - Entered password
[INFO ] 2024-11-20 11:29:30.561 [main] MyStoreV1 - Clicked on singIn - clickOnSingInButtonForRegisterCustomerLogin - button.
[INFO ] 2024-11-20 11:29:30.629 [main] MyStoreV1 - Enter searched data in search box.
[INFO ] 2024-11-20 11:29:32.894 [main] MyStoreV1 - Clicked on searched button.
[INFO ] 2024-11-20 11:29:37.998 [main] MyStoreV1 - Search Product TestCase - Passed
[INFO ] 2024-11-20 11:29:41.757 [main] MyStoreV1 - ***************TestCase Search Product ends*********************
[INFO ] 2024-11-20 11:29:41.763 [main] MyStoreV1 - 
******************TestCase verifyToAddWishlistProduct Started*****************
[INFO ] 2024-11-20 11:29:43.512 [main] MyStoreV1 - Clicked on singin account link.
[INFO ] 2024-11-20 11:29:43.667 [main] MyStoreV1 - Entered email address
[INFO ] 2024-11-20 11:29:43.843 [main] MyStoreV1 - Entered password
[INFO ] 2024-11-20 11:29:46.519 [main] MyStoreV1 - Clicked on singIn - clickOnSingInButtonForRegisterCustomerLogin - button.
[INFO ] 2024-11-20 11:29:47.994 [main] MyStoreV1 - Clicked on women link.
[INFO ] 2024-11-20 11:29:49.359 [main] MyStoreV1 - Clicked on jackets product.
[INFO ] 2024-11-20 11:29:55.297 [main] MyStoreV1 - Clicked on add to click On Juno Jacket Product link.
[INFO ] 2024-11-20 11:29:57.683 [main] MyStoreV1 - Clicked on add to JacketWishListProductPage linkText.
[INFO ] 2024-11-20 11:29:57.712 [main] MyStoreV1 - Verify product added into WishList - Passed
[INFO ] 2024-11-21 12:24:57.503 [main] MyStoreV1 - url opened
[INFO ] 2024-11-21 12:24:57.528 [main] MyStoreV1 - 
******************TestCase Search Buy Product Started*****************
[INFO ] 2024-11-21 12:25:01.175 [main] MyStoreV1 - Clicked on singin account link.
[INFO ] 2024-11-21 12:25:01.279 [main] MyStoreV1 - Entered email address
[INFO ] 2024-11-21 12:25:01.406 [main] MyStoreV1 - Entered password
[INFO ] 2024-11-21 12:25:04.610 [main] MyStoreV1 - Clicked on singIn button.
[INFO ] 2024-11-21 12:25:04.684 [main] MyStoreV1 - Hoodie entered in search box
[INFO ] 2024-11-21 12:25:09.878 [main] MyStoreV1 - Clicked on searched button
[INFO ] 2024-11-21 12:25:14.829 [main] MyStoreV1 - Clicked on searched product - Selene Yoga Hoodie
[INFO ] 2024-11-21 12:25:14.898 [main] MyStoreV1 - Size M entered
[INFO ] 2024-11-21 12:25:14.940 [main] MyStoreV1 - Orange color selected
[INFO ] 2024-11-21 12:25:15.386 [main] MyStoreV1 - Quantity 2 entered
[INFO ] 2024-11-21 12:25:15.450 [main] MyStoreV1 - Clicked on add to cart button
[INFO ] 2024-11-21 12:25:17.516 [main] MyStoreV1 - Clicked on add to cart icon
[INFO ] 2024-11-21 12:25:24.781 [main] MyStoreV1 - Clicked on proceed to checkout on product page
[INFO ] 2024-11-21 12:25:29.879 [main] MyStoreV1 - Clicked on New Address button on shipping address page
[INFO ] 2024-11-21 12:25:30.747 [main] MyStoreV1 - Country selected from dropdown - India
[INFO ] 2024-11-21 12:25:30.861 [main] MyStoreV1 - City selected from dropdown - Delhi
[INFO ] 2024-11-21 12:25:30.955 [main] MyStoreV1 - All the details entered in shipping address page for order processing....!!!
[INFO ] 2024-11-21 12:25:41.151 [main] MyStoreV1 - Clicked on next button on shipping address page
[INFO ] 2024-11-21 12:25:51.245 [main] MyStoreV1 - Clicked on place order on payment method page
[INFO ] 2024-11-21 12:26:00.468 [main] MyStoreV1 - Verify buy product success payment message - Passed
[INFO ] 2024-11-21 12:26:02.368 [main] MyStoreV1 - ***************TestCase BuyProduct ends*****************
[INFO ] 2024-11-21 12:26:02.406 [main] MyStoreV1 - 
******************TestCase Search Product Started*****************
[INFO ] 2024-11-21 12:26:03.599 [main] MyStoreV1 - Clicked on singin account link.
[INFO ] 2024-11-21 12:26:03.683 [main] MyStoreV1 - Entered email address
[INFO ] 2024-11-21 12:26:03.752 [main] MyStoreV1 - Entered password
[INFO ] 2024-11-21 12:26:06.523 [main] MyStoreV1 - Clicked on singIn - clickOnSingInButtonForRegisterCustomerLogin - button.
[INFO ] 2024-11-21 12:26:06.593 [main] MyStoreV1 - Enter searched data in search box.
[INFO ] 2024-11-21 12:26:08.793 [main] MyStoreV1 - Clicked on searched button.
[INFO ] 2024-11-21 12:26:13.851 [main] MyStoreV1 - Search Product TestCase - Passed
[INFO ] 2024-11-21 12:26:16.334 [main] MyStoreV1 - ***************TestCase Search Product ends*********************
[INFO ] 2024-11-21 12:26:16.340 [main] MyStoreV1 - 
******************TestCase verifyToAddWishlistProduct Started*****************
[INFO ] 2024-11-21 12:26:17.580 [main] MyStoreV1 - Clicked on singin account link.
[INFO ] 2024-11-21 12:26:17.665 [main] MyStoreV1 - Entered email address
[INFO ] 2024-11-21 12:26:18.023 [main] MyStoreV1 - Entered password
[INFO ] 2024-11-21 12:26:20.552 [main] MyStoreV1 - Clicked on singIn - clickOnSingInButtonForRegisterCustomerLogin - button.
[INFO ] 2024-11-21 12:26:22.247 [main] MyStoreV1 - Clicked on women link.
[INFO ] 2024-11-21 12:26:23.817 [main] MyStoreV1 - Clicked on jackets product.
[INFO ] 2024-11-21 12:26:29.141 [main] MyStoreV1 - Clicked on add to click On Juno Jacket Product link.
[INFO ] 2024-11-21 12:26:31.867 [main] MyStoreV1 - Clicked on add to JacketWishListProductPage linkText.
[INFO ] 2024-11-21 12:26:31.910 [main] MyStoreV1 - Verify product added into WishList - Passed
